<?xml version="1.0" encoding="UTF-8"?>
<!-- Generated by org.testng.reporters.JUnitXMLReporter -->
<testsuite hostname="MAVCHN0522040" ignored="0" name="Default test" tests="2" failures="0" timestamp="11 Nov 2024 14:20:46 GMT" time="78.558" errors="0">
  <testcase name="runScenario" time="44.392" classname="io.cucumber.testng.AbstractTestNGCucumberTests"/>
  <testcase name="runScenario" time="33.503" classname="io.cucumber.testng.AbstractTestNGCucumberTests"/>
</testsuite> <!-- Default test -->
