<?xml version="1.0" encoding="UTF-8"?>
<!-- Generated by org.testng.reporters.JUnitXMLReporter -->
<testsuite hostname="MAVCHN0522040" ignored="0" name="Default test" tests="2" failures="0" timestamp="13 Nov 2024 10:13:50 GMT" time="59.767" errors="0">
  <testcase name="runScenario" time="35.085" classname="io.cucumber.testng.AbstractTestNGCucumberTests"/>
  <testcase name="runScenario" time="24.282" classname="io.cucumber.testng.AbstractTestNGCucumberTests"/>
</testsuite> <!-- Default test -->
