<?xml version="1.0" encoding="UTF-8"?>
<testng-results skipped="0" failed="0" ignored="0" total="2" passed="2">
  <reporter-output>
  </reporter-output>
  <suite name="Default suite" duration-ms="88895" started-at="2024-11-13T06:15:15Z" finished-at="2024-11-13T06:16:44Z">
    <groups>
      <group name="cucumber">
        <method signature="AbstractTestNGCucumberTests.runScenario(io.cucumber.testng.PickleWrapper, io.cucumber.testng.FeatureWrapper)[pri:0, instance:Runner.Runner@7085bdee]" name="runScenario" class="io.cucumber.testng.AbstractTestNGCucumberTests"/>
      </group> <!-- cucumber -->
    </groups>
    <test name="Default test" duration-ms="88895" started-at="2024-11-13T06:15:15Z" finished-at="2024-11-13T06:16:44Z">
      <class name="Runner.Runner">
        <test-method status="PASS" signature="setUpClass(org.testng.ITestContext)[pri:0, instance:Runner.Runner@7085bdee]" name="setUpClass" is-config="true" duration-ms="445" started-at="2024-11-13T11:45:15Z" finished-at="2024-11-13T11:45:16Z">
          <params>
            <param index="0">
              <value>
                <![CDATA[org.testng.TestRunner@e041f0c]]>
              </value>
            </param>
          </params>
          <reporter-output>
          </reporter-output>
        </test-method> <!-- setUpClass -->
        <test-method status="PASS" signature="runScenario(io.cucumber.testng.PickleWrapper, io.cucumber.testng.FeatureWrapper)[pri:0, instance:Runner.Runner@7085bdee]" name="runScenario" duration-ms="50965" started-at="2024-11-13T11:45:16Z" description="Runs Cucumber Scenarios" data-provider="scenarios" finished-at="2024-11-13T11:46:06Z">
          <params>
            <param index="0">
              <value>
                <![CDATA["Addition of Two whole numbers"]]>
              </value>
            </param>
            <param index="1">
              <value>
                <![CDATA["Addition of Numbers"]]>
              </value>
            </param>
          </params>
          <reporter-output>
          </reporter-output>
        </test-method> <!-- runScenario -->
        <test-method status="PASS" signature="runScenario(io.cucumber.testng.PickleWrapper, io.cucumber.testng.FeatureWrapper)[pri:0, instance:Runner.Runner@7085bdee]" name="runScenario" duration-ms="37404" started-at="2024-11-13T11:46:07Z" description="Runs Cucumber Scenarios" data-provider="scenarios" finished-at="2024-11-13T11:46:44Z">
          <params>
            <param index="0">
              <value>
                <![CDATA["Addition of Two whole numbers"]]>
              </value>
            </param>
            <param index="1">
              <value>
                <![CDATA["Addition of Numbers"]]>
              </value>
            </param>
          </params>
          <reporter-output>
          </reporter-output>
        </test-method> <!-- runScenario -->
        <test-method status="PASS" signature="tearDownClass()[pri:0, instance:Runner.Runner@7085bdee]" name="tearDownClass" is-config="true" duration-ms="27" started-at="2024-11-13T11:46:44Z" finished-at="2024-11-13T11:46:44Z">
          <reporter-output>
          </reporter-output>
        </test-method> <!-- tearDownClass -->
      </class> <!-- Runner.Runner -->
    </test> <!-- Default test -->
  </suite> <!-- Default suite -->
</testng-results>
