<?xml version="1.0" encoding="UTF-8"?>
<testng-results skipped="0" failed="0" ignored="0" total="2" passed="2">
  <reporter-output>
  </reporter-output>
  <suite name="Default suite" duration-ms="59767" started-at="2024-11-13T10:12:51Z" finished-at="2024-11-13T10:13:50Z">
    <groups>
      <group name="cucumber">
        <method signature="AbstractTestNGCucumberTests.runScenario(io.cucumber.testng.PickleWrapper, io.cucumber.testng.FeatureWrapper)[pri:0, instance:Runner.Runner@7085bdee]" name="runScenario" class="io.cucumber.testng.AbstractTestNGCucumberTests"/>
      </group> <!-- cucumber -->
    </groups>
    <test name="Default test" duration-ms="59767" started-at="2024-11-13T10:12:51Z" finished-at="2024-11-13T10:13:50Z">
      <class name="Runner.Runner">
        <test-method status="PASS" signature="setUpClass(org.testng.ITestContext)[pri:0, instance:Runner.Runner@7085bdee]" name="setUpClass" is-config="true" duration-ms="357" started-at="2024-11-13T15:42:51Z" finished-at="2024-11-13T15:42:51Z">
          <params>
            <param index="0">
              <value>
                <![CDATA[org.testng.TestRunner@11963225]]>
              </value>
            </param>
          </params>
          <reporter-output>
          </reporter-output>
        </test-method> <!-- setUpClass -->
        <test-method status="PASS" signature="runScenario(io.cucumber.testng.PickleWrapper, io.cucumber.testng.FeatureWrapper)[pri:0, instance:Runner.Runner@7085bdee]" name="runScenario" duration-ms="35085" started-at="2024-11-13T15:42:51Z" description="Runs Cucumber Scenarios" data-provider="scenarios" finished-at="2024-11-13T15:43:26Z">
          <params>
            <param index="0">
              <value>
                <![CDATA["Addition of Two whole numbers"]]>
              </value>
            </param>
            <param index="1">
              <value>
                <![CDATA["Addition of Numbers"]]>
              </value>
            </param>
          </params>
          <reporter-output>
          </reporter-output>
        </test-method> <!-- runScenario -->
        <test-method status="PASS" signature="runScenario(io.cucumber.testng.PickleWrapper, io.cucumber.testng.FeatureWrapper)[pri:0, instance:Runner.Runner@7085bdee]" name="runScenario" duration-ms="24282" started-at="2024-11-13T15:43:26Z" description="Runs Cucumber Scenarios" data-provider="scenarios" finished-at="2024-11-13T15:43:50Z">
          <params>
            <param index="0">
              <value>
                <![CDATA["Addition of Two whole numbers"]]>
              </value>
            </param>
            <param index="1">
              <value>
                <![CDATA["Addition of Numbers"]]>
              </value>
            </param>
          </params>
          <reporter-output>
          </reporter-output>
        </test-method> <!-- runScenario -->
        <test-method status="PASS" signature="tearDownClass()[pri:0, instance:Runner.Runner@7085bdee]" name="tearDownClass" is-config="true" duration-ms="15" started-at="2024-11-13T15:43:50Z" finished-at="2024-11-13T15:43:50Z">
          <reporter-output>
          </reporter-output>
        </test-method> <!-- tearDownClass -->
      </class> <!-- Runner.Runner -->
    </test> <!-- Default test -->
  </suite> <!-- Default suite -->
</testng-results>
